<?xml version="1.0" encoding="UTF-8"?>
<!-- Generated by org.testng.reporters.JUnitReportReporter -->
<testsuite skipped="0" hostname="MARS_Personal" name="com.training.testng.BasicLogin" tests="1" failures="0" timestamp="2023-05-04T23:55:13 MDT" time="6.060" errors="0">
  <testcase name="Login" time="6.060" classname="com.training.testng.BasicLogin"/>
  <system-out/>
</testsuite> <!-- com.training.testng.BasicLogin -->
