<?xml version="1.0" encoding="UTF-8"?>
<!-- Generated by org.testng.reporters.JUnitReportReporter -->
<testsuite skipped="0" hostname="MARS_Personal" name="com.training.testng.BasicLoginFirefox" tests="1" failures="0" timestamp="2023-05-04T23:59:18 MDT" time="10.597" errors="0">
  <testcase name="Login" time="10.597" classname="com.training.testng.BasicLoginFirefox"/>
  <system-out/>
</testsuite> <!-- com.training.testng.BasicLoginFirefox -->
